#
# There is insufficient memory for the Java Runtime Environment to continue.
# Native memory allocation (mmap) failed to map 266338304 bytes for G1 virtual space
# Possible reasons:
#   The system is out of physical RAM or swap space
#   The process is running with CompressedOops enabled, and the Java Heap may be blocking the growth of the native heap
# Possible solutions:
#   Reduce memory load on the system
#   Increase physical memory or swap space
#   Check if swap backing store is full
#   Decrease Java heap size (-Xmx/-Xms)
#   Decrease number of Java threads
#   Decrease Java thread stack sizes (-Xss)
#   Set larger code cache with -XX:ReservedCodeCacheSize=
#   JVM is running with Zero Based Compressed Oops mode in which the Java heap is
#     placed in the first 32GB address space. The Java Heap base address is the
#     maximum limit for the native heap growth. Please use -XX:HeapBaseMinAddress
#     to set the Java Heap base and to place the Java Heap above 32GB virtual address.
# This output file may be truncated or incomplete.
#
#  Out of Memory Error (./src/hotspot/os/windows/os_windows.cpp:3321), pid=5360, tid=9080
#
# JRE version:  (15.0.2+7) (build )
# Java VM: OpenJDK 64-Bit Server VM (15.0.2+7, mixed mode, sharing, tiered, compressed oops, g1 gc, windows-amd64)
# No core dump will be written. Minidumps are not enabled by default on client versions of Windows
#

---------------  S U M M A R Y ------------

Command Line: -XX:TieredStopAtLevel=1 -Dspring.output.ansi.enabled=always -Dcom.sun.management.jmxremote -Dspring.jmx.enabled=true -Dspring.liveBeansView.mbeanDomain -Dspring.application.admin.enabled=true -Dmanagement.endpoints.jmx.exposure.include=* -javaagent:D:\IntelliJ IDEA 2024.1.4\lib\idea_rt.jar=52496:D:\IntelliJ IDEA 2024.1.4\bin -Dfile.encoding=UTF-8 com.example.his.api.HisApiApplication

Host: 11th Gen Intel(R) Core(TM) i5-1135G7 @ 2.40GHz, 8 cores, 15G,  Windows 10 , 64 bit Build 26100 (10.0.26100.2454)
Time: Tue Dec 31 13:06:30 2024 Korea Standard Time elapsed time: 2.050275 seconds (0d 0h 0m 2s)

---------------  T H R E A D  ---------------

Current thread (0x0000027963229b60):  JavaThread "Unknown thread" [_thread_in_vm, id=9080, stack(0x000000ee0b400000,0x000000ee0b500000)]

Stack: [0x000000ee0b400000,0x000000ee0b500000]
Native frames: (J=compiled Java code, j=interpreted, Vv=VM code, C=native code)
V  [jvm.dll+0x5f7aea]
V  [jvm.dll+0x7978c9]
V  [jvm.dll+0x799023]
V  [jvm.dll+0x799673]
V  [jvm.dll+0x1fc4f8]
V  [jvm.dll+0x5f4e3a]
V  [jvm.dll+0x5e9c25]
V  [jvm.dll+0x2b5c2d]
V  [jvm.dll+0x2b5a92]
V  [jvm.dll+0x2bb8fc]
V  [jvm.dll+0x307748]
V  [jvm.dll+0x306e04]
V  [jvm.dll+0x28cd5a]
V  [jvm.dll+0x28dec0]
V  [jvm.dll+0x7752a1]
V  [jvm.dll+0x315664]
V  [jvm.dll+0x75660c]
V  [jvm.dll+0x3930ef]
V  [jvm.dll+0x394d91]
C  [jli.dll+0x5243]
C  [ucrtbase.dll+0x14ea0]
C  [KERNEL32.DLL+0x2e8d7]
C  [ntdll.dll+0xdfbcc]


---------------  P R O C E S S  ---------------

Threads class SMR info:
_java_thread_list=0x00007fff567d1b90, length=0, elements={
}

Java Threads: ( => current thread )

Other Threads:
  0x00000279617ae780 GCTaskThread "GC Thread#0" [stack: 0x000000ee0b500000,0x000000ee0b600000] [id=6204]
  0x0000027963286c80 ConcurrentGCThread "G1 Main Marker" [stack: 0x000000ee0b600000,0x000000ee0b700000] [id=14968]
  0x00000279632885c0 ConcurrentGCThread "G1 Conc#0" [stack: 0x000000ee0b700000,0x000000ee0b800000] [id=1356]

[error occurred during error reporting (printing all threads), id 0xc0000005, EXCEPTION_ACCESS_VIOLATION (0xc0000005) at pc=0x00007fff55f7de47]

VM state: not at safepoint (not fully initialized)

VM Mutex/Monitor currently owned by a thread:  ([mutex/lock_event])
[0x00000279632248c0] Heap_lock - owner thread: 0x0000027963229b60

Heap address: 0x0000000703200000, size: 4046 MB, Compressed Oops mode: Zero based, Oop shift amount: 3
CDS archive(s) mapped at: [0x0000000000000000-0x0000000000000000-0x0000000000000000), size 0, SharedBaseAddress: 0x0000000800000000, ArchiveRelocationMode: 0.
Narrow klass base: 0x0000000000000000, Narrow klass shift: 0, Narrow klass range: 0x0

Heap:
 garbage-first heap   total 260096K, used 0K [0x0000000703200000, 0x0000000800000000)
  region size 2048K, 0 young (0K), 0 survivors (0K)
 Metaspace       used 0K, capacity 0K, committed 0K, reserved 0K
  class space    used 0K, capacity 0K, committed 0K, reserved 0K

Heap Regions: E=young(eden), S=young(survivor), O=old, HS=humongous(starts), HC=humongous(continues), CS=collection set, F=free, OA=open archive, CA=closed archive, TAMS=top-at-mark-start (previous, next)

Card table byte_map: [0x000002797ba20000,0x000002797c210000] _byte_map_base: 0x0000027978207000

Marking Bits (Prev, Next): (CMBitMap*) 0x0000027963276650, (CMBitMap*) 0x0000027963276690
 Prev Bits: [0x0000027900000000, 0x0000027903f38000)
 Next Bits: [0x0000027903f40000, 0x0000027907e78000)

GC Heap History (0 events):
No events

Deoptimization events (0 events):
No events

Classes unloaded (0 events):
No events

Classes redefined (0 events):
No events

Internal exceptions (0 events):
No events

Events (1 events):
Event: 0.037 Loaded shared library D:\jdk15\bin\java.dll


Dynamic libraries:
0x00007ff781800000 - 0x00007ff78180d000 	D:\jdk15\bin\java.exe
0x00007ff80bf60000 - 0x00007ff80c1c3000 	C:\WINDOWS\SYSTEM32\ntdll.dll
0x00007ff80acc0000 - 0x00007ff80ad88000 	C:\WINDOWS\System32\KERNEL32.DLL
0x00007ff8098c0000 - 0x00007ff809c72000 	C:\WINDOWS\System32\KERNELBASE.dll
0x00007ff809330000 - 0x00007ff80947b000 	C:\WINDOWS\System32\ucrtbase.dll
0x00007ff8008e0000 - 0x00007ff8008f5000 	D:\jdk15\bin\VCRUNTIME140.dll
0x00007ff8022c0000 - 0x00007ff8022d8000 	D:\jdk15\bin\jli.dll
0x00007ff80aa10000 - 0x00007ff80abd8000 	C:\WINDOWS\System32\USER32.dll
0x00007fffdc850000 - 0x00007fffdcae0000 	C:\WINDOWS\WinSxS\amd64_microsoft.windows.common-controls_6595b64144ccf1df_6.0.26100.2454_none_3e0b68a2e331ad60\COMCTL32.dll
0x00007ff809600000 - 0x00007ff809627000 	C:\WINDOWS\System32\win32u.dll
0x00007ff80bca0000 - 0x00007ff80bd49000 	C:\WINDOWS\System32\msvcrt.dll
0x00007ff80b8d0000 - 0x00007ff80b8fa000 	C:\WINDOWS\System32\GDI32.dll
0x00007ff809790000 - 0x00007ff8098bb000 	C:\WINDOWS\System32\gdi32full.dll
0x00007ff809d10000 - 0x00007ff809db3000 	C:\WINDOWS\System32\msvcp_win.dll
0x00007ff809dc0000 - 0x00007ff809def000 	C:\WINDOWS\System32\IMM32.DLL
0x00007ffff1fe0000 - 0x00007ffff207b000 	D:\jdk15\bin\msvcp140.dll
0x00007fff55ce0000 - 0x00007fff56871000 	D:\jdk15\bin\server\jvm.dll
0x00007ff80a7e0000 - 0x00007ff80a894000 	C:\WINDOWS\System32\ADVAPI32.dll
0x00007ff80bb70000 - 0x00007ff80bc16000 	C:\WINDOWS\System32\sechost.dll
0x00007ff80ba50000 - 0x00007ff80bb66000 	C:\WINDOWS\System32\RPCRT4.dll
0x00007ff80b400000 - 0x00007ff80b408000 	C:\WINDOWS\System32\PSAPI.DLL
0x00007ff800250000 - 0x00007ff80025a000 	C:\WINDOWS\SYSTEM32\WSOCK32.dll
0x00007ffff9be0000 - 0x00007ffff9beb000 	C:\WINDOWS\SYSTEM32\VERSION.dll
0x00007ffff1a40000 - 0x00007ffff1a76000 	C:\WINDOWS\SYSTEM32\WINMM.dll
0x00007ff80ada0000 - 0x00007ff80ae14000 	C:\WINDOWS\System32\WS2_32.dll
0x00007ff808170000 - 0x00007ff80818a000 	C:\WINDOWS\SYSTEM32\kernel.appcore.dll
0x00007ff800480000 - 0x00007ff80048a000 	D:\jdk15\bin\jimage.dll
0x00007ff806b60000 - 0x00007ff806da1000 	C:\WINDOWS\SYSTEM32\DBGHELP.DLL
0x00007ff80ae20000 - 0x00007ff80b19e000 	C:\WINDOWS\System32\combase.dll
0x00007ff80abe0000 - 0x00007ff80acb6000 	C:\WINDOWS\System32\OLEAUT32.dll
0x00007ffff2350000 - 0x00007ffff2389000 	C:\WINDOWS\SYSTEM32\dbgcore.DLL
0x00007ff809630000 - 0x00007ff8096c9000 	C:\WINDOWS\System32\bcryptPrimitives.dll
0x00007ff800470000 - 0x00007ff80047e000 	D:\jdk15\bin\instrument.dll
0x00007ffff1fb0000 - 0x00007ffff1fd5000 	D:\jdk15\bin\java.dll

dbghelp: loaded successfully - version: 4.0.5 - missing functions: none
symbol engine: initialized successfully - sym options: 0x614 - pdb path: .;D:\jdk15\bin;C:\WINDOWS\SYSTEM32;C:\WINDOWS\WinSxS\amd64_microsoft.windows.common-controls_6595b64144ccf1df_6.0.26100.2454_none_3e0b68a2e331ad60;D:\jdk15\bin\server

VM Arguments:
jvm_args: -XX:TieredStopAtLevel=1 -Dspring.output.ansi.enabled=always -Dcom.sun.management.jmxremote -Dspring.jmx.enabled=true -Dspring.liveBeansView.mbeanDomain -Dspring.application.admin.enabled=true -Dmanagement.endpoints.jmx.exposure.include=* -javaagent:D:\IntelliJ IDEA 2024.1.4\lib\idea_rt.jar=52496:D:\IntelliJ IDEA 2024.1.4\bin -Dfile.encoding=UTF-8 
java_command: com.example.his.api.HisApiApplication
java_class_path (initial): E:\project_java\his-api\target\classes;E:\.m2\repository\org\springframework\boot\spring-boot-starter-web\2.7.6\spring-boot-starter-web-2.7.6.jar;E:\.m2\repository\org\springframework\boot\spring-boot-starter\2.7.6\spring-boot-starter-2.7.6.jar;E:\.m2\repository\org\springframework\boot\spring-boot\2.7.6\spring-boot-2.7.6.jar;E:\.m2\repository\org\springframework\boot\spring-boot-starter-logging\2.7.6\spring-boot-starter-logging-2.7.6.jar;E:\.m2\repository\ch\qos\logback\logback-classic\1.2.11\logback-classic-1.2.11.jar;E:\.m2\repository\ch\qos\logback\logback-core\1.2.11\logback-core-1.2.11.jar;E:\.m2\repository\org\apache\logging\log4j\log4j-to-slf4j\2.17.2\log4j-to-slf4j-2.17.2.jar;E:\.m2\repository\org\slf4j\jul-to-slf4j\1.7.36\jul-to-slf4j-1.7.36.jar;E:\.m2\repository\jakarta\annotation\jakarta.annotation-api\1.3.5\jakarta.annotation-api-1.3.5.jar;E:\.m2\repository\org\yaml\snakeyaml\1.30\snakeyaml-1.30.jar;E:\.m2\repository\org\springframework\boot\spring-boot-starter-json\2.7.6\spring-boot-starter-json-2.7.6.jar;E:\.m2\repository\com\fasterxml\jackson\datatype\jackson-datatype-jdk8\2.13.4\jackson-datatype-jdk8-2.13.4.jar;E:\.m2\repository\com\fasterxml\jackson\datatype\jackson-datatype-jsr310\2.13.4\jackson-datatype-jsr310-2.13.4.jar;E:\.m2\repository\com\fasterxml\jackson\module\jackson-module-parameter-names\2.13.4\jackson-module-parameter-names-2.13.4.jar;E:\.m2\repository\org\springframework\spring-web\5.3.24\spring-web-5.3.24.jar;E:\.m2\repository\org\springframework\spring-beans\5.3.24\spring-beans-5.3.24.jar;E:\.m2\repository\org\springframework\spring-webmvc\5.3.24\spring-webmvc-5.3.24.jar;E:\.m2\repository\org\springframework\spring-aop\5.3.24\spring-aop-5.3.24.jar;E:\.m2\repository\org\springframework\spring-context\5.3.24\spring-context-5.3.24.jar;E:\.m2\repository\org\springframework\spring-expression\5.3.24\spring-expression-5.3.24.jar;E:\.m2\repository\org\springframework\boot\spring-boot-starter-jetty\2.7.6\spring-b
Launcher Type: SUN_STANDARD

[Global flags]
     intx CICompilerCount                          = 4                                         {product} {ergonomic}
     uint ConcGCThreads                            = 2                                         {product} {ergonomic}
     uint G1ConcRefinementThreads                  = 8                                         {product} {ergonomic}
   size_t G1HeapRegionSize                         = 2097152                                   {product} {ergonomic}
    uintx GCDrainStackTargetSize                   = 64                                        {product} {ergonomic}
   size_t InitialHeapSize                          = 266338304                                 {product} {ergonomic}
     bool ManagementServer                         = true                                      {product} {command line}
   size_t MarkStackSize                            = 4194304                                   {product} {ergonomic}
   size_t MaxHeapSize                              = 4242538496                                {product} {ergonomic}
   size_t MinHeapDeltaBytes                        = 2097152                                   {product} {ergonomic}
   size_t MinHeapSize                              = 8388608                                   {product} {ergonomic}
    uintx NonNMethodCodeHeapSize                   = 7549744                                {pd product} {ergonomic}
    uintx NonProfiledCodeHeapSize                  = 244108496                              {pd product} {ergonomic}
    uintx ProfiledCodeHeapSize                     = 0                                      {pd product} {ergonomic}
    uintx ReservedCodeCacheSize                    = 251658240                              {pd product} {ergonomic}
     bool SegmentedCodeCache                       = true                                      {product} {ergonomic}
   size_t SoftMaxHeapSize                          = 4242538496                             {manageable} {ergonomic}
     intx TieredStopAtLevel                        = 1                                         {product} {command line}
     bool UseCompressedClassPointers               = true                                 {lp64_product} {ergonomic}
     bool UseCompressedOops                        = true                                 {lp64_product} {ergonomic}
     bool UseG1GC                                  = true                                      {product} {ergonomic}
     bool UseLargePagesIndividualAllocation        = false                                  {pd product} {ergonomic}

Logging:
Log output configuration:
 #0: stdout all=warning uptime,level,tags
 #1: stderr all=off uptime,level,tags

Environment Variables:
JAVA_HOME=D:\jdk15
PATH=D:\jdk15\bin;C:\Program Files\Common Files\Oracle\Java\javapath;C:\Windows\system32;C:\Windows;C:\Windows\System32\Wbem;C:\Windows\System32\WindowsPowerShell\v1.0\;C:\Windows\System32\OpenSSH\;C:\Program Files\dotnet\;D:\phpstudy_pro\Extensions\php\php8.2.9nts;C:\ProgramData\ComposerSetup\bin;D:\Xshell7\;D:\Xftp7\;D:\Git\cmd;D:\phpstudy_pro\Extensions\MySQL8.0.12\bin;D:\flutter\bin;D:\phpstudy_pro\Extensions\redis3.0.504;D:\maven3.8.1\bin;D:\watchman-v2024.11.11.00-windows\bin;E:\AndroidSDK\platform-tools;D:\wechat developer\dll;c:\Users\83942\AppData\Local\Programs\cursor\resources\app\bin;C:\WINDOWS\system32;C:\WINDOWS;C:\WINDOWS\System32\Wbem;C:\WINDOWS\System32\WindowsPowerShell\v1.0\;C:\WINDOWS\System32\OpenSSH\;C:\Program Files (x86)\Windows Kits\10\Windows Performance Toolkit\;E:\AndroidSDK\cmake\3.22.1\bin;D:\nodejs\;C:\Users\83942\AppData\Local\Microsoft\WindowsApps;C:\Users\83942\AppData\Local\Programs\Microsoft VS Code\bin;C:\Users\83942\AppData\Roaming\Composer\vendor\bin;D:\Microsoft VS Code\bin;C:\Users\83942\AppData\Roaming\npm
USERNAME=83942
OS=Windows_NT
PROCESSOR_IDENTIFIER=Intel64 Family 6 Model 140 Stepping 1, GenuineIntel



---------------  S Y S T E M  ---------------

OS:
 Windows 10 , 64 bit Build 26100 (10.0.26100.2454)
OS uptime: 0 days 3:18 hours

CPU: total 8 (initial active 8) (4 cores per cpu, 2 threads per core) family 6 model 140 stepping 1 microcode 0xa4, cmov, cx8, fxsr, mmx, sse, sse2, sse3, ssse3, sse4.1, sse4.2, popcnt, vzeroupper, avx, avx2, aes, clmul, erms, 3dnowpref, lzcnt, ht, tsc, tscinvbit, bmi1, bmi2, adx, avx512f, avx512dq, avx512cd, avx512bw, avx512vl, avx512_vpopcntdq, avx512_vpclmulqdq, avx512_vbmi, avx512_vbmi2, avx512_vaes, avx512_vnni, sha, fma, clflush, clflushopt, clwb

Memory: 4k page, system-wide physical 16179M (3118M free)
TotalPageFile size 16179M (AvailPageFile size 151M)
current process WorkingSet (physical memory assigned to process): 13M, peak: 13M
current process commit charge ("private bytes"): 58M, peak: 312M

vm_info: OpenJDK 64-Bit Server VM (15.0.2+7) for windows-amd64 JRE (15.0.2+7), built on Jan 20 2021 22:17:45 by "Administrator" with MS VC++ 15.9 (VS2017)

END.
